<?xml version="1.0" encoding="UTF-8"?>
<testng-results ignored="0" total="1" passed="1" failed="0" skipped="0">
  <reporter-output>
  </reporter-output>
  <suite started-at="2023-05-18T12:14:17 IST" name="Default suite" finished-at="2023-05-18T12:14:21 IST" duration-ms="4827">
    <groups>
    </groups>
    <test started-at="2023-05-18T12:14:17 IST" name="Default test" finished-at="2023-05-18T12:14:21 IST" duration-ms="4827">
      <class name="com.Wipro.Locators.LocatorsAssignment">
        <test-method signature="testLocators()[pri:0, instance:com.Wipro.Locators.LocatorsAssignment@6ce139a4]" started-at="2023-05-18T12:14:17 IST" name="testLocators" finished-at="2023-05-18T12:14:21 IST" duration-ms="4795" status="PASS">
          <reporter-output>
          </reporter-output>
        </test-method> <!-- testLocators -->
      </class> <!-- com.Wipro.Locators.LocatorsAssignment -->
    </test> <!-- Default test -->
  </suite> <!-- Default suite -->
</testng-results>
